2024-08-13 09:20:52,737 - INFO - Interpreted requirements:

 ## Drone Trajectory Requirements: 3-Petal Rose Curve

The command requests a visually appealing 3-petal rose curve, implying a coordinated flight pattern requiring multiple drones. 

Here are the structured requirements:

**[REQ] Number of drones: 3**  - Necessary to create each petal of the rose.

**[REQ] Starting formation:**  Equilateral triangle, with each drone positioned at one vertex. This ensures optimal spacing for smooth petal formation.

**[REQ] Flight path:** Each drone will trace out a single petal of the rose. The overall path is defined by a 3-petal rose curve, which can be represented mathematically by the polar equation r = a * sin(3θ) for a constant value 'a'.

**[REQ] Trajectory Details:** 

* **Petal formation:** The drones should fly along the curve defined by the polar equation, with each drone covering a 120-degree arc (1/3 of the full 360-degree curve).
* **Synchronization:** The drones must synchronize their movement to ensure that the petals are traced out simultaneously and seamlessly.
* **Spacing:** The drones should maintain a consistent distance from each other throughout the flight to create a well-defined rose pattern.

**[REQ] Visual effect:** The drones should fly at a constant altitude, maintaining a visually appealing formation and creating a seamless 3-petal rose curve in the air.

**[REQ] Additional Requirements:**

* **Navigation system:** A reliable GPS system and waypoint navigation system is needed to ensure the drones follow the prescribed trajectory.
* **Communication system:** A robust communication system is required to synchronize the drone movements and maintain their relative positions.

2024-08-13 09:20:55,491 - INFO - Generated response:

 ```python
import numpy as np

# Define the rose curve parameters
a = 5  # Controls the size of the rose
num_points = 100  # Number of waypoints for each petal

# Calculate the angles for each waypoint on the rose curve
theta = np.linspace(0, 2 * np.pi, num_points)

# Calculate the x and y coordinates for each waypoint on the rose curve
x = a * np.sin(3 * theta) * np.cos(theta)
y = a * np.sin(3 * theta) * np.sin(theta)

# Define the altitude
z = 5  # Example altitude, adjust as needed

# Drone 1 waypoints (petal 1)
waypoints1 = np.array([x[:int(num_points / 3)], y[:int(num_points / 3)], z * np.ones(int(num_points / 3))]).T

# Drone 2 waypoints (petal 2)
waypoints2 = np.array([x[int(num_points / 3):int(2 * num_points / 3)], y[int(num_points / 3):int(2 * num_points / 3)], z * np.ones(int(num_points / 3))]).T

# Drone 3 waypoints (petal 3)
waypoints3 = np.array([x[int(2 * num_points / 3):], y[int(2 * num_points / 3):], z * np.ones(int(num_points / 3))]).T

# Combine the waypoints into a single list
waypoints = [waypoints1, waypoints2, waypoints3]
```
2024-08-13 09:20:55,493 - INFO - Total time taken for transcription: 2753.38 ms
2024-08-13 09:20:55,496 - ERROR - An error occurred while processing waypoints: setting an array element with a sequence. The requested array has an inhomogeneous shape after 1 dimensions. The detected shape was (3,) + inhomogeneous part.
2024-08-13 09:20:55,496 - INFO - Retrying... (1/10)
2024-08-13 09:20:58,728 - INFO - Generated response:

 ```python
import numpy as np

#define any preprocessing functions or steps necessary here

def polar_to_cartesian(radius, angle):
    """Converts polar coordinates to Cartesian coordinates."""
    x = radius * np.cos(angle)
    y = radius * np.sin(angle)
    return x, y

# Drone 1 waypoints
angle_start = 0
angle_end = 2*np.pi/3
a = 5 # Constant for the radius
theta1 = np.linspace(angle_start, angle_end, 50)
radius1 = a * np.sin(3 * theta1)
x1, y1 = polar_to_cartesian(radius1, theta1)
waypoints1 = np.array([x1, y1, np.zeros_like(x1)]).T

# Drone 2 waypoints
angle_start = 2*np.pi/3
angle_end = 4*np.pi/3
theta2 = np.linspace(angle_start, angle_end, 50)
radius2 = a * np.sin(3 * theta2)
x2, y2 = polar_to_cartesian(radius2, theta2)
waypoints2 = np.array([x2, y2, np.zeros_like(x2)]).T

# Drone 3 waypoints
angle_start = 4*np.pi/3
angle_end = 2*np.pi
theta3 = np.linspace(angle_start, angle_end, 50)
radius3 = a * np.sin(3 * theta3)
x3, y3 = polar_to_cartesian(radius3, theta3)
waypoints3 = np.array([x3, y3, np.zeros_like(x3)]).T

waypoints = [waypoints1, waypoints2, waypoints3]
```
2024-08-13 09:20:58,729 - INFO - Total time taken for transcription: 3232.27 ms
2024-08-13 09:20:58,731 - ERROR - An error occurred while processing waypoints: name 'np' is not defined
2024-08-13 09:20:58,732 - INFO - Retrying... (2/10)
2024-08-13 09:21:01,326 - INFO - Generated response:

 ```python
import numpy as np

#define any preprocessing functions or steps necessary here

# Define the number of drones 
N = 3
# Define the radius of the rose curve
a = 5
# Define the number of waypoints for each drone
num_waypoints = 100
# Define the angles for each drone
theta = np.linspace(0, 2*np.pi/3, num_waypoints)
# Define the angles for each drone, shifted by 120 degrees for each drone
theta1 = theta
theta2 = theta + 2*np.pi/3
theta3 = theta + 4*np.pi/3

# Drone 1 waypoints
waypoints1 = np.array([a * np.sin(3 * theta1) * np.cos(theta1), a * np.sin(3 * theta1) * np.sin(theta1), np.zeros(num_waypoints)]).T

# Drone 2 waypoints
waypoints2 = np.array([a * np.sin(3 * theta2) * np.cos(theta2), a * np.sin(3 * theta2) * np.sin(theta2), np.zeros(num_waypoints)]).T

# Drone 3 waypoints
waypoints3 = np.array([a * np.sin(3 * theta3) * np.cos(theta3), a * np.sin(3 * theta3) * np.sin(theta3), np.zeros(num_waypoints)]).T

waypoints = [waypoints1, waypoints2, waypoints3]
```
2024-08-13 09:21:01,326 - INFO - Total time taken for transcription: 2594.49 ms
2024-08-13 09:21:01,507 - INFO - Trajectory plot saved at experiments/3petal_rose_20240813_090512/trial_6/waypoints_plot.png
2024-08-13 09:21:24,469 - INFO - Total time taken for plot analysis with 5 critics: 22961.71 ms
2024-08-13 09:21:28,054 - INFO - Aggregated feedback from multiple critics:

 MAJORITY INVALID (0/5)
 Feedback Summary:
The consensus among the critics is that the trajectories are significantly flawed and do not meet the specified requirements. 

**Common Issues:**

* **Incomplete Trajectories:**  Drones do not fully trace the required 3-petal rose curve, particularly drone 3, which often only covers a portion of the petal.
* **Incorrect Starting Positions:** The drones are not positioned at the vertices of an equilateral triangle, resulting in an incorrect starting formation.
* **Lack of Synchronization:** The drones are not moving in unison, causing an uncoordinated and uneven rose shape.
* **Non-Standard Altitude:** Drones do not fly at a constant altitude, creating a poor visual effect and affecting the overall shape.

**Overall Consensus:**

The overall consensus is that the current trajectories are not satisfactory. They fail to meet the essential criteria of completeness, synchronization, and proper starting positions. 

**Previous Score:** 30/100 
**Current Score:** 45/100
**Change:** +15 
**Verdict:** BETTER 

2024-08-13 09:21:28,265 - INFO - Trajectory plot saved at experiments/3petal_rose_20240813_090512/trial_6/waypoints_plot_best.png
2024-08-13 09:21:28,265 - INFO - Retrying... (3/10)
2024-08-13 09:21:31,352 - INFO - Generated response:

 ```python
import numpy as np

#define any preprocessing functions or steps necessary here

# Define the number of drones
num_drones = 3

# Define the radius of the rose curve
radius = 10

# Define the starting points for each drone (equilateral triangle)
angle_offset = np.array([0, 120, 240]) * np.pi / 180
start_positions = radius * np.array([np.cos(angle_offset), np.sin(angle_offset)])

# Define the angular range for each drone (120 degrees)
angle_range = np.array([0, 120, 240]) + 120
angle_range = angle_range * np.pi / 180

# Define the number of waypoints for each drone
num_waypoints = 100

# Generate the waypoints for each drone
waypoints = []
for i in range(num_drones):
    angles = np.linspace(angle_range[i], angle_range[i] + 120 * np.pi / 180, num_waypoints)
    r = radius * np.sin(3 * angles)
    x = r * np.cos(angles)
    y = r * np.sin(angles)
    z = np.zeros(num_waypoints)  # Constant altitude
    waypoints.append(np.column_stack((x, y, z)))

# Drone 1 waypoints
waypoints1 = waypoints[0]

# Drone 2 waypoints
waypoints2 = waypoints[1]

# Drone 3 waypoints
waypoints3 = waypoints[2]

waypoints = [waypoints1, waypoints2, waypoints3]
```
2024-08-13 09:21:31,353 - INFO - Total time taken for transcription: 3087.28 ms
2024-08-13 09:21:31,552 - INFO - Trajectory plot saved at experiments/3petal_rose_20240813_090512/trial_6/waypoints_plot.png
2024-08-13 09:21:53,619 - INFO - Total time taken for plot analysis with 5 critics: 22066.12 ms
2024-08-13 09:21:56,827 - INFO - Aggregated feedback from multiple critics:

 MAJORITY INVALID (0/5)
 Feedback Summary:
**Previous Score:** 20/100
**Current Score:** 20/100
**Change:** +0
**Verdict:**  **SAME** 

The feedback consistently indicates that the trajectories are not meeting the requirements for a 3-petal rose curve formation. While there are some improvements in individual aspects like continuity and starting positions, the overall shape and completeness of the trajectories remain inadequate.  

2024-08-13 09:21:56,827 - INFO - Retrying... (4/10)
2024-08-13 09:21:59,322 - INFO - Generated response:

 ```python
import numpy as np

#define any preprocessing functions or steps necessary here

# Drone 1 waypoints
theta1 = np.linspace(0, 2*np.pi/3, 100)
r1 = 5 * np.sin(3*theta1)
x1 = r1 * np.cos(theta1)
y1 = r1 * np.sin(theta1)
z1 = np.zeros(100)
waypoints1 = np.array([x1, y1, z1]).T

# Drone 2 waypoints
theta2 = np.linspace(2*np.pi/3, 4*np.pi/3, 100)
r2 = 5 * np.sin(3*theta2)
x2 = r2 * np.cos(theta2)
y2 = r2 * np.sin(theta2)
z2 = np.zeros(100)
waypoints2 = np.array([x2, y2, z2]).T

# Drone 3 waypoints
theta3 = np.linspace(4*np.pi/3, 2*np.pi, 100)
r3 = 5 * np.sin(3*theta3)
x3 = r3 * np.cos(theta3)
y3 = r3 * np.sin(theta3)
z3 = np.zeros(100)
waypoints3 = np.array([x3, y3, z3]).T

waypoints = [waypoints1, waypoints2, waypoints3]

```
2024-08-13 09:21:59,323 - INFO - Total time taken for transcription: 2494.88 ms
2024-08-13 09:21:59,555 - INFO - Trajectory plot saved at experiments/3petal_rose_20240813_090512/trial_6/waypoints_plot.png
2024-08-13 09:22:24,397 - INFO - Total time taken for plot analysis with 5 critics: 24840.95 ms
2024-08-13 09:22:27,446 - INFO - Aggregated feedback from multiple critics:

 MAJORITY INVALID (0/5)
 Feedback Summary:
Feedback Summary:
**Previous Score:** 20/100
**Current Score:** 20/100
**Change:** +0
**Verdict:**  **SAME** 

The feedback consistently indicates that the trajectories are not meeting the requirements for a 3-petal rose curve formation. While there are some improvements in individual aspects like continuity and starting positions, the overall shape and completeness of the trajectories remain inadequate.  

2024-08-13 09:22:27,446 - INFO - Retrying... (5/10)
2024-08-13 09:22:29,913 - INFO - Generated response:

 ```python
import numpy as np

#define any preprocessing functions or steps necessary here

# Drone 1 waypoints
theta = np.linspace(0, 2*np.pi/3, 50)
r = 2*np.sin(3*theta)
x1 = r * np.cos(theta)
y1 = r * np.sin(theta)
z1 = np.zeros_like(x1) + 2
waypoints1 = np.array([x1, y1, z1]).T

# Drone 2 waypoints
theta = np.linspace(2*np.pi/3, 4*np.pi/3, 50)
r = 2*np.sin(3*theta)
x2 = r * np.cos(theta)
y2 = r * np.sin(theta)
z2 = np.zeros_like(x2) + 2
waypoints2 = np.array([x2, y2, z2]).T

# Drone 3 waypoints
theta = np.linspace(4*np.pi/3, 2*np.pi, 50)
r = 2*np.sin(3*theta)
x3 = r * np.cos(theta)
y3 = r * np.sin(theta)
z3 = np.zeros_like(x3) + 2
waypoints3 = np.array([x3, y3, z3]).T

waypoints = [waypoints1, waypoints2, waypoints3]

```
2024-08-13 09:22:29,914 - INFO - Total time taken for transcription: 2467.10 ms
2024-08-13 09:22:30,210 - INFO - Trajectory plot saved at experiments/3petal_rose_20240813_090512/trial_6/waypoints_plot.png
2024-08-13 09:22:53,332 - INFO - Total time taken for plot analysis with 5 critics: 23121.24 ms
2024-08-13 09:22:57,350 - INFO - Aggregated feedback from multiple critics:

 MAJORITY INVALID (0/5)
 Feedback Summary:
Feedback Summary:

**Previous Score:** 20/100
**Current Score:** 30/100
**Change:** +10
**Verdict:**  **BETTER** 

The feedback shows some improvement, although the trajectories still don't meet all the requirements. The score has increased, indicating that there's progress towards achieving the desired 3-petal rose curve formation.  The issues related to synchronization, incomplete petals, and starting positions still need to be addressed. 

2024-08-13 09:22:57,574 - INFO - Trajectory plot saved at experiments/3petal_rose_20240813_090512/trial_6/waypoints_plot_best.png
2024-08-13 09:22:57,574 - INFO - Retrying... (6/10)
2024-08-13 09:23:00,830 - INFO - Generated response:

 ```python
import numpy as np

#define any preprocessing functions or steps necessary here

# Drone 1 waypoints
theta1 = np.linspace(0, 2*np.pi/3, 100)
r1 = 2 * np.sin(3 * theta1)
x1 = r1 * np.cos(theta1)
y1 = r1 * np.sin(theta1)
z1 = np.zeros_like(x1) + 1
waypoints1 = np.array([x1, y1, z1]).T

# Drone 2 waypoints
theta2 = np.linspace(2*np.pi/3, 4*np.pi/3, 100)
r2 = 2 * np.sin(3 * theta2)
x2 = r2 * np.cos(theta2)
y2 = r2 * np.sin(theta2)
z2 = np.zeros_like(x2) + 1
waypoints2 = np.array([x2, y2, z2]).T

# Drone 3 waypoints
theta3 = np.linspace(4*np.pi/3, 2*np.pi, 100)
r3 = 2 * np.sin(3 * theta3)
x3 = r3 * np.cos(theta3)
y3 = r3 * np.sin(theta3)
z3 = np.zeros_like(x3) + 1
waypoints3 = np.array([x3, y3, z3]).T

waypoints = [waypoints1, waypoints2, waypoints3]
```
2024-08-13 09:23:00,831 - INFO - Total time taken for transcription: 3255.95 ms
2024-08-13 09:23:01,080 - INFO - Trajectory plot saved at experiments/3petal_rose_20240813_090512/trial_6/waypoints_plot.png
2024-08-13 09:23:21,005 - INFO - Total time taken for plot analysis with 5 critics: 19924.69 ms
2024-08-13 09:23:24,074 - INFO - Aggregated feedback from multiple critics:

 MAJORITY INVALID (0/5)
 Feedback Summary:
Feedback Summary:

**Previous Score:** 20/100
**Current Score:** 20/100
**Change:** 0
**Verdict:**  **SAME**

While the feedback highlights some improvements in certain areas, such as continuity of paths and lack of collisions, the overall shape formed by the drones still doesn't match the desired 3-petal rose curve.  The key issues that need addressing remain:

* **Incomplete Trajectories:**  Each drone needs to trace a full 120-degree arc to complete its petal.
* **Incorrect Starting Formation:** The drones should start at the vertices of an equilateral triangle. 
* **Synchronization:**  The drones need to move in sync to create a seamless rose shape. 

Although there's been some progress, the score hasn't improved yet. The current trajectories are still considered invalid, and further adjustments are necessary to achieve the desired result. 

2024-08-13 09:23:24,075 - INFO - Retrying... (7/10)
2024-08-13 09:23:26,121 - INFO - Generated response:

 ```python
import numpy as np

#define any preprocessing functions or steps necessary here

# Define parameters for the rose curve
a = 5 # Radius of the rose curve
theta = np.linspace(0, 2*np.pi, 100) # Angle values for the curve

# Drone 1 waypoints
waypoints1 = np.array([a*np.sin(3*theta[0:33]), a*np.cos(3*theta[0:33]), np.zeros(33)]) # First petal
# Drone 2 waypoints
waypoints2 = np.array([a*np.sin(3*theta[33:66]), a*np.cos(3*theta[33:66]), np.zeros(33)]) # Second petal
# Drone 3 waypoints
waypoints3 = np.array([a*np.sin(3*theta[66:100]), a*np.cos(3*theta[66:100]), np.zeros(33)]) # Third petal

waypoints = [waypoints1.T, waypoints2.T, waypoints3.T]
```
2024-08-13 09:23:26,121 - INFO - Total time taken for transcription: 2046.03 ms
2024-08-13 09:23:26,124 - ERROR - An error occurred while processing waypoints: setting an array element with a sequence. The requested array has an inhomogeneous shape after 1 dimensions. The detected shape was (3,) + inhomogeneous part.
2024-08-13 09:23:26,124 - INFO - Retrying... (8/10)
2024-08-13 09:23:28,785 - INFO - Generated response:

 ```python
import numpy as np

# Define the number of drones
num_drones = 3

# Define the radius of the rose curve
radius = 5

# Define the starting positions of the drones
theta = np.linspace(0, 2 * np.pi, num_drones, endpoint=False)
x_start = radius * np.cos(theta)
y_start = radius * np.sin(theta)
z_start = np.zeros(num_drones)

# Define the angle range for each drone
angle_range = 2 * np.pi / num_drones

# Create lists to store the waypoints for each drone
waypoints = []

for i in range(num_drones):
    # Define the angle range for the current drone
    theta_range = np.linspace(i * angle_range, (i + 1) * angle_range, 100)

    # Calculate the x and y coordinates for the current drone
    x = radius * np.sin(3 * theta_range) * np.cos(theta_range)
    y = radius * np.sin(3 * theta_range) * np.sin(theta_range)

    # Create a list of waypoints for the current drone
    drone_waypoints = np.array([x, y, z_start[i]]).T
    waypoints.append(drone_waypoints)

# Assign waypoints to individual drone variables
waypoints1 = waypoints[0]
waypoints2 = waypoints[1]
waypoints3 = waypoints[2]

```
2024-08-13 09:23:28,786 - INFO - Total time taken for transcription: 2660.70 ms
2024-08-13 09:23:28,788 - ERROR - An error occurred while processing waypoints: setting an array element with a sequence. The requested array has an inhomogeneous shape after 1 dimensions. The detected shape was (3,) + inhomogeneous part.
2024-08-13 09:23:28,788 - INFO - Retrying... (9/10)
2024-08-13 09:23:31,550 - INFO - Generated response:

 ```python
import numpy as np

#define any preprocessing functions or steps necessary here
def polar_to_cartesian(radius, angle):
    x = radius * np.cos(angle)
    y = radius * np.sin(angle)
    return x, y

# Drone 1 waypoints
a = 10  # Adjust this value to control the size of the rose
theta1 = np.linspace(0, 2*np.pi/3, 50)
r1 = a * np.sin(3 * theta1)
x1, y1 = polar_to_cartesian(r1, theta1)
waypoints1 = np.array([x1, y1, np.zeros_like(x1)]).T 

# Drone 2 waypoints
theta2 = np.linspace(2*np.pi/3, 4*np.pi/3, 50)
r2 = a * np.sin(3 * theta2)
x2, y2 = polar_to_cartesian(r2, theta2)
waypoints2 = np.array([x2, y2, np.zeros_like(x2)]).T

# Drone 3 waypoints
theta3 = np.linspace(4*np.pi/3, 2*np.pi, 50)
r3 = a * np.sin(3 * theta3)
x3, y3 = polar_to_cartesian(r3, theta3)
waypoints3 = np.array([x3, y3, np.zeros_like(x3)]).T

waypoints = [waypoints1, waypoints2, waypoints3]
```
2024-08-13 09:23:31,550 - INFO - Total time taken for transcription: 2761.66 ms
2024-08-13 09:23:31,552 - ERROR - An error occurred while processing waypoints: name 'np' is not defined
2024-08-13 09:23:31,553 - INFO - Retrying... (10/10)
2024-08-13 09:23:31,553 - ERROR - Maximum number of retries reached. Failed to process waypoints.
2024-08-13 09:23:31,553 - ERROR - Experiment 6 for 3petal_rose failed.
